<?xml version="1.0" encoding="UTF-8"?>
<!-- Generated by org.testng.reporters.JUnitReportReporter -->
<testsuite hostname="LAPTOP-6QEBGIVL" failures="0" tests="1" name="apiTests.PostCreatePostTest" time="3.002" errors="0" timestamp="2024-07-25T09:36:35 IST" skipped="0">
  <testcase classname="apiTests.PostCreatePostTest" name="createPostTest" time="3.002"/>
  <system-out/>
</testsuite> <!-- apiTests.PostCreatePostTest -->
