<?xml version="1.0" encoding="UTF-8"?>
<!-- Generated by org.testng.reporters.JUnitReportReporter -->
<testsuite hostname="LAPTOP-6QEBGIVL" failures="0" tests="2" name="tests.LoginTest" time="11.736" errors="0" timestamp="2024-07-25T09:36:35 IST" skipped="0">
  <testcase classname="tests.LoginTest" name="invalidLoginTest" time="6.103"/>
  <system-out/>
  <testcase classname="tests.LoginTest" name="loginTest" time="5.633"/>
  <system-out/>
</testsuite> <!-- tests.LoginTest -->
