<?xml version="1.0" encoding="UTF-8"?>
<!-- Generated by org.testng.reporters.JUnitReportReporter -->
<testsuite hostname="LAPTOP-6QEBGIVL" failures="0" tests="1" name="tests.LogoutTest" time="6.475" errors="0" timestamp="2024-07-25T09:36:35 IST" skipped="0">
  <testcase classname="tests.LogoutTest" name="logoutTest" time="6.475"/>
  <system-out/>
</testsuite> <!-- tests.LogoutTest -->
